[  0%] Built target _can_control_generate_messages_check_deps_EncoderEstimates
[  0%] Built target std_msgs_generate_messages_eus
[  0%] Built target std_msgs_generate_messages_py
[  0%] Built target std_msgs_generate_messages_nodejs
[  0%] Built target _can_control_generate_messages_check_deps_MecanumControl
[35m[1mScanning dependencies of target rosgraph_msgs_generate_messages_eus[0m
[  0%] Built target rosgraph_msgs_generate_messages_eus
[35m[1mScanning dependencies of target rosgraph_msgs_generate_messages_cpp[0m
[  0%] Built target rosgraph_msgs_generate_messages_cpp
[35m[1mScanning dependencies of target roscpp_generate_messages_nodejs[0m
[35m[1mScanning dependencies of target roscpp_generate_messages_eus[0m
[  0%] Built target roscpp_generate_messages_nodejs
[  0%] Built target roscpp_generate_messages_eus
[35m[1mScanning dependencies of target roscpp_generate_messages_cpp[0m
[  0%] Built target roscpp_generate_messages_cpp
[35m[1mScanning dependencies of target roscpp_generate_messages_py[0m
[35m[1mScanning dependencies of target rosgraph_msgs_generate_messages_lisp[0m
[  0%] Built target roscpp_generate_messages_py
[  0%] Built target rosgraph_msgs_generate_messages_lisp
[35m[1mScanning dependencies of target roscpp_generate_messages_lisp[0m
[35m[1mScanning dependencies of target rosgraph_msgs_generate_messages_nodejs[0m
[  0%] Built target roscpp_generate_messages_lisp
[  0%] Built target rosgraph_msgs_generate_messages_nodejs
[  0%] Built target std_msgs_generate_messages_lisp
[35m[1mScanning dependencies of target rosgraph_msgs_generate_messages_py[0m
[  0%] Built target rosgraph_msgs_generate_messages_py
[  0%] Built target std_msgs_generate_messages_cpp
[ 18%] Built target can_control_generate_messages_eus
[ 43%] Built target can_control_generate_messages_nodejs
[ 50%] Built target can_control_generate_messages_py
[ 62%] Built target can_control_generate_messages_lisp
[ 75%] Built target can_control_generate_messages_cpp
[35m[1mScanning dependencies of target drivetrain[0m
[ 81%] [32mBuilding CXX object CMakeFiles/drivetrain.dir/src/can_comm.cpp.o[0m
[ 87%] [32mBuilding CXX object CMakeFiles/drivetrain.dir/src/odrive_motor.cpp.o[0m
[ 87%] Built target can_control_generate_messages
[ 93%] [32m[1mLinking CXX executable /home/aclab/Desktop/ROS-VR/catkin_ws/devel/.private/can_control/lib/can_control/drivetrain[0m
[100%] Built target drivetrain
