/usr/bin/ld: CMakeFiles/drivetrain.dir/src/drivetrain.cpp.o: in function `main':
drivetrain.cpp:(.text+0x95): undefined reference to `ros::init(int&, char**, std::__cxx11::basic_string<char, std::char_traits<char>, std::allocator<char> > const&, unsigned int)'
/usr/bin/ld: drivetrain.cpp:(.text+0xc7): undefined reference to `ros::spin()'
/usr/bin/ld: CMakeFiles/drivetrain.dir/src/drivetrain.cpp.o: in function `Drivetrain::Drivetrain()::{lambda()#2}::operator()() const':
drivetrain.cpp:(.text._ZZN10DrivetrainC4EvENKUlvE0_clEv[_ZZN10DrivetrainC4EvENKUlvE0_clEv]+0x29): undefined reference to `CANInterface::receiveLoop()'
/usr/bin/ld: CMakeFiles/drivetrain.dir/src/drivetrain.cpp.o: in function `Drivetrain::Drivetrain()':
drivetrain.cpp:(.text._ZN10DrivetrainC2Ev[_ZN10DrivetrainC5Ev]+0xab): undefined reference to `ros::NodeHandle::NodeHandle(std::__cxx11::basic_string<char, std::char_traits<char>, std::allocator<char> > const&, std::map<std::__cxx11::basic_string<char, std::char_traits<char>, std::allocator<char> >, std::__cxx11::basic_string<char, std::char_traits<char>, std::allocator<char> >, std::less<std::__cxx11::basic_string<char, std::char_traits<char>, std::allocator<char> > >, std::allocator<std::pair<std::__cxx11::basic_string<char, std::char_traits<char>, std::allocator<char> > const, std::__cxx11::basic_string<char, std::char_traits<char>, std::allocator<char> > > > > const&)'
/usr/bin/ld: drivetrain.cpp:(.text._ZN10DrivetrainC2Ev[_ZN10DrivetrainC5Ev]+0x1b7): undefined reference to `CANInterface::openInterface(std::__cxx11::basic_string<char, std::char_traits<char>, std::allocator<char> > const&)'
/usr/bin/ld: drivetrain.cpp:(.text._ZN10DrivetrainC2Ev[_ZN10DrivetrainC5Ev]+0x1e6): undefined reference to `ros::console::g_initialized'
/usr/bin/ld: drivetrain.cpp:(.text._ZN10DrivetrainC2Ev[_ZN10DrivetrainC5Ev]+0x1f6): undefined reference to `ros::console::initialize()'
/usr/bin/ld: drivetrain.cpp:(.text._ZN10DrivetrainC2Ev[_ZN10DrivetrainC5Ev]+0x249): undefined reference to `ros::console::initializeLogLocation(ros::console::LogLocation*, std::__cxx11::basic_string<char, std::char_traits<char>, std::allocator<char> > const&, ros::console::levels::Level)'
/usr/bin/ld: drivetrain.cpp:(.text._ZN10DrivetrainC2Ev[_ZN10DrivetrainC5Ev]+0x289): undefined reference to `ros::console::setLogLocationLevel(ros::console::LogLocation*, ros::console::levels::Level)'
/usr/bin/ld: drivetrain.cpp:(.text._ZN10DrivetrainC2Ev[_ZN10DrivetrainC5Ev]+0x295): undefined reference to `ros::console::checkLogLocationEnabled(ros::console::LogLocation*)'
/usr/bin/ld: drivetrain.cpp:(.text._ZN10DrivetrainC2Ev[_ZN10DrivetrainC5Ev]+0x2ed): undefined reference to `ros::console::print(ros::console::FilterBase*, void*, ros::console::levels::Level, char const*, int, char const*, char const*, ...)'
/usr/bin/ld: drivetrain.cpp:(.text._ZN10DrivetrainC2Ev[_ZN10DrivetrainC5Ev]+0x2f6): undefined reference to `ros::shutdown()'
/usr/bin/ld: drivetrain.cpp:(.text._ZN10DrivetrainC2Ev[_ZN10DrivetrainC5Ev]+0x4a1): undefined reference to `ros::Subscriber::~Subscriber()'
/usr/bin/ld: drivetrain.cpp:(.text._ZN10DrivetrainC2Ev[_ZN10DrivetrainC5Ev]+0x54b): undefined reference to `ros::Publisher::~Publisher()'
/usr/bin/ld: drivetrain.cpp:(.text._ZN10DrivetrainC2Ev[_ZN10DrivetrainC5Ev]+0x5a3): undefined reference to `CANInterface::registerFeedbackCallback(std::function<void (unsigned int, unsigned char const*)>)'
/usr/bin/ld: drivetrain.cpp:(.text._ZN10DrivetrainC2Ev[_ZN10DrivetrainC5Ev]+0x5fb): undefined reference to `ros::console::g_initialized'
/usr/bin/ld: drivetrain.cpp:(.text._ZN10DrivetrainC2Ev[_ZN10DrivetrainC5Ev]+0x60b): undefined reference to `ros::console::initialize()'
/usr/bin/ld: drivetrain.cpp:(.text._ZN10DrivetrainC2Ev[_ZN10DrivetrainC5Ev]+0x65e): undefined reference to `ros::console::initializeLogLocation(ros::console::LogLocation*, std::__cxx11::basic_string<char, std::char_traits<char>, std::allocator<char> > const&, ros::console::levels::Level)'
/usr/bin/ld: drivetrain.cpp:(.text._ZN10DrivetrainC2Ev[_ZN10DrivetrainC5Ev]+0x69e): undefined reference to `ros::console::setLogLocationLevel(ros::console::LogLocation*, ros::console::levels::Level)'
/usr/bin/ld: drivetrain.cpp:(.text._ZN10DrivetrainC2Ev[_ZN10DrivetrainC5Ev]+0x6aa): undefined reference to `ros::console::checkLogLocationEnabled(ros::console::LogLocation*)'
/usr/bin/ld: drivetrain.cpp:(.text._ZN10DrivetrainC2Ev[_ZN10DrivetrainC5Ev]+0x706): undefined reference to `ros::console::print(ros::console::FilterBase*, void*, ros::console::levels::Level, char const*, int, char const*, char const*, ...)'
/usr/bin/ld: drivetrain.cpp:(.text._ZN10DrivetrainC2Ev[_ZN10DrivetrainC5Ev]+0x8bd): undefined reference to `ros::Publisher::~Publisher()'
/usr/bin/ld: drivetrain.cpp:(.text._ZN10DrivetrainC2Ev[_ZN10DrivetrainC5Ev]+0x8d2): undefined reference to `ros::Subscriber::~Subscriber()'
/usr/bin/ld: drivetrain.cpp:(.text._ZN10DrivetrainC2Ev[_ZN10DrivetrainC5Ev]+0x90b): undefined reference to `ros::NodeHandle::~NodeHandle()'
/usr/bin/ld: CMakeFiles/drivetrain.dir/src/drivetrain.cpp.o: in function `Drivetrain::onCmd(boost::shared_ptr<can_control::MecanumControl_<std::allocator<void> > const> const&)':
drivetrain.cpp:(.text._ZN10Drivetrain5onCmdERKN5boost10shared_ptrIKN11can_control15MecanumControl_ISaIvEEEEE[_ZN10Drivetrain5onCmdERKN5boost10shared_ptrIKN11can_control15MecanumControl_ISaIvEEEEE]+0xc2): undefined reference to `OdriveMotor::fullCalibration()'
/usr/bin/ld: drivetrain.cpp:(.text._ZN10Drivetrain5onCmdERKN5boost10shared_ptrIKN11can_control15MecanumControl_ISaIvEEEEE[_ZN10Drivetrain5onCmdERKN5boost10shared_ptrIKN11can_control15MecanumControl_ISaIvEEEEE]+0xd8): undefined reference to `OdriveMotor::idle()'
/usr/bin/ld: drivetrain.cpp:(.text._ZN10Drivetrain5onCmdERKN5boost10shared_ptrIKN11can_control15MecanumControl_ISaIvEEEEE[_ZN10Drivetrain5onCmdERKN5boost10shared_ptrIKN11can_control15MecanumControl_ISaIvEEEEE]+0xee): undefined reference to `OdriveMotor::closeLoopControl()'
/usr/bin/ld: drivetrain.cpp:(.text._ZN10Drivetrain5onCmdERKN5boost10shared_ptrIKN11can_control15MecanumControl_ISaIvEEEEE[_ZN10Drivetrain5onCmdERKN5boost10shared_ptrIKN11can_control15MecanumControl_ISaIvEEEEE]+0x104): undefined reference to `OdriveMotor::clearError()'
/usr/bin/ld: drivetrain.cpp:(.text._ZN10Drivetrain5onCmdERKN5boost10shared_ptrIKN11can_control15MecanumControl_ISaIvEEEEE[_ZN10Drivetrain5onCmdERKN5boost10shared_ptrIKN11can_control15MecanumControl_ISaIvEEEEE]+0x130): undefined reference to `OdriveMotor::setTarget(float)'
/usr/bin/ld: CMakeFiles/drivetrain.dir/src/drivetrain.cpp.o: in function `Drivetrain::onFb(unsigned int, unsigned char const*)':
drivetrain.cpp:(.text._ZN10Drivetrain4onFbEjPKh[_ZN10Drivetrain4onFbEjPKh]+0x9e): undefined reference to `OdriveMotor::setFeedback(float, float)'
/usr/bin/ld: CMakeFiles/drivetrain.dir/src/drivetrain.cpp.o: in function `Drivetrain::~Drivetrain()':
drivetrain.cpp:(.text._ZN10DrivetrainD2Ev[_ZN10DrivetrainD5Ev]+0x1e): undefined reference to `ros::Publisher::~Publisher()'
/usr/bin/ld: drivetrain.cpp:(.text._ZN10DrivetrainD2Ev[_ZN10DrivetrainD5Ev]+0x30): undefined reference to `ros::Subscriber::~Subscriber()'
/usr/bin/ld: drivetrain.cpp:(.text._ZN10DrivetrainD2Ev[_ZN10DrivetrainD5Ev]+0x60): undefined reference to `ros::NodeHandle::~NodeHandle()'
/usr/bin/ld: CMakeFiles/drivetrain.dir/src/drivetrain.cpp.o: in function `ros::Subscriber ros::NodeHandle::subscribe<can_control::MecanumControl_<std::allocator<void> >, Drivetrain>(std::__cxx11::basic_string<char, std::char_traits<char>, std::allocator<char> > const&, unsigned int, void (Drivetrain::*)(boost::shared_ptr<can_control::MecanumControl_<std::allocator<void> > const> const&), Drivetrain*, ros::TransportHints const&)':
drivetrain.cpp:(.text._ZN3ros10NodeHandle9subscribeIN11can_control15MecanumControl_ISaIvEEE10DrivetrainEENS_10SubscriberERKNSt7__cxx1112basic_stringIcSt11char_traitsIcESaIcEEEjMT0_FvRKN5boost10shared_ptrIKT_EEEPSG_RKNS_14TransportHintsE[_ZN3ros10NodeHandle9subscribeIN11can_control15MecanumControl_ISaIvEEE10DrivetrainEENS_10SubscriberERKNSt7__cxx1112basic_stringIcSt11char_traitsIcESaIcEEEjMT0_FvRKN5boost10shared_ptrIKT_EEEPSG_RKNS_14TransportHintsE]+0x15a): undefined reference to `ros::NodeHandle::subscribe(ros::SubscribeOptions&)'
/usr/bin/ld: CMakeFiles/drivetrain.dir/src/drivetrain.cpp.o: in function `ros::Publisher ros::NodeHandle::advertise<can_control::EncoderEstimates_<std::allocator<void> > >(std::__cxx11::basic_string<char, std::char_traits<char>, std::allocator<char> > const&, unsigned int, bool)':
drivetrain.cpp:(.text._ZN3ros10NodeHandle9advertiseIN11can_control17EncoderEstimates_ISaIvEEEEENS_9PublisherERKNSt7__cxx1112basic_stringIcSt11char_traitsIcESaIcEEEjb[_ZN3ros10NodeHandle9advertiseIN11can_control17EncoderEstimates_ISaIvEEEEENS_9PublisherERKNSt7__cxx1112basic_stringIcSt11char_traitsIcESaIcEEEjb]+0x139): undefined reference to `ros::NodeHandle::advertise(ros::AdvertiseOptions&)'
/usr/bin/ld: CMakeFiles/drivetrain.dir/src/drivetrain.cpp.o: in function `std::thread::thread<Drivetrain::Drivetrain()::{lambda()#2}, , void>(Drivetrain::Drivetrain()::{lambda()#2}&&)':
drivetrain.cpp:(.text._ZNSt6threadC2IZN10DrivetrainC4EvEUlvE0_JEvEEOT_DpOT0_[_ZNSt6threadC5IZN10DrivetrainC4EvEUlvE0_JEvEEOT_DpOT0_]+0x33): undefined reference to `pthread_create'
/usr/bin/ld: CMakeFiles/drivetrain.dir/src/drivetrain.cpp.o: in function `void ros::Publisher::publish<can_control::EncoderEstimates_<std::allocator<void> > >(can_control::EncoderEstimates_<std::allocator<void> > const&) const':
drivetrain.cpp:(.text._ZNK3ros9Publisher7publishIN11can_control17EncoderEstimates_ISaIvEEEEEvRKT_[_ZNK3ros9Publisher7publishIN11can_control17EncoderEstimates_ISaIvEEEEEvRKT_]+0x4b): undefined reference to `ros::console::g_initialized'
/usr/bin/ld: drivetrain.cpp:(.text._ZNK3ros9Publisher7publishIN11can_control17EncoderEstimates_ISaIvEEEEEvRKT_[_ZNK3ros9Publisher7publishIN11can_control17EncoderEstimates_ISaIvEEEEEvRKT_]+0x5b): undefined reference to `ros::console::initialize()'
/usr/bin/ld: drivetrain.cpp:(.text._ZNK3ros9Publisher7publishIN11can_control17EncoderEstimates_ISaIvEEEEEvRKT_[_ZNK3ros9Publisher7publishIN11can_control17EncoderEstimates_ISaIvEEEEEvRKT_]+0xae): undefined reference to `ros::console::initializeLogLocation(ros::console::LogLocation*, std::__cxx11::basic_string<char, std::char_traits<char>, std::allocator<char> > const&, ros::console::levels::Level)'
/usr/bin/ld: drivetrain.cpp:(.text._ZNK3ros9Publisher7publishIN11can_control17EncoderEstimates_ISaIvEEEEEvRKT_[_ZNK3ros9Publisher7publishIN11can_control17EncoderEstimates_ISaIvEEEEEvRKT_]+0xee): undefined reference to `ros::console::setLogLocationLevel(ros::console::LogLocation*, ros::console::levels::Level)'
/usr/bin/ld: drivetrain.cpp:(.text._ZNK3ros9Publisher7publishIN11can_control17EncoderEstimates_ISaIvEEEEEvRKT_[_ZNK3ros9Publisher7publishIN11can_control17EncoderEstimates_ISaIvEEEEEvRKT_]+0xfa): undefined reference to `ros::console::checkLogLocationEnabled(ros::console::LogLocation*)'
/usr/bin/ld: drivetrain.cpp:(.text._ZNK3ros9Publisher7publishIN11can_control17EncoderEstimates_ISaIvEEEEEvRKT_[_ZNK3ros9Publisher7publishIN11can_control17EncoderEstimates_ISaIvEEEEEvRKT_]+0x160): undefined reference to `ros::console::print(ros::console::FilterBase*, void*, ros::console::levels::Level, char const*, int, char const*, char const*, ...)'
/usr/bin/ld: drivetrain.cpp:(.text._ZNK3ros9Publisher7publishIN11can_control17EncoderEstimates_ISaIvEEEEEvRKT_[_ZNK3ros9Publisher7publishIN11can_control17EncoderEstimates_ISaIvEEEEEvRKT_]+0x16b): undefined reference to `ros::console::g_initialized'
/usr/bin/ld: drivetrain.cpp:(.text._ZNK3ros9Publisher7publishIN11can_control17EncoderEstimates_ISaIvEEEEEvRKT_[_ZNK3ros9Publisher7publishIN11can_control17EncoderEstimates_ISaIvEEEEEvRKT_]+0x17b): undefined reference to `ros::console::initialize()'
/usr/bin/ld: drivetrain.cpp:(.text._ZNK3ros9Publisher7publishIN11can_control17EncoderEstimates_ISaIvEEEEEvRKT_[_ZNK3ros9Publisher7publishIN11can_control17EncoderEstimates_ISaIvEEEEEvRKT_]+0x1ce): undefined reference to `ros::console::initializeLogLocation(ros::console::LogLocation*, std::__cxx11::basic_string<char, std::char_traits<char>, std::allocator<char> > const&, ros::console::levels::Level)'
/usr/bin/ld: drivetrain.cpp:(.text._ZNK3ros9Publisher7publishIN11can_control17EncoderEstimates_ISaIvEEEEEvRKT_[_ZNK3ros9Publisher7publishIN11can_control17EncoderEstimates_ISaIvEEEEEvRKT_]+0x20e): undefined reference to `ros::console::setLogLocationLevel(ros::console::LogLocation*, ros::console::levels::Level)'
/usr/bin/ld: drivetrain.cpp:(.text._ZNK3ros9Publisher7publishIN11can_control17EncoderEstimates_ISaIvEEEEEvRKT_[_ZNK3ros9Publisher7publishIN11can_control17EncoderEstimates_ISaIvEEEEEvRKT_]+0x21a): undefined reference to `ros::console::checkLogLocationEnabled(ros::console::LogLocation*)'
/usr/bin/ld: drivetrain.cpp:(.text._ZNK3ros9Publisher7publishIN11can_control17EncoderEstimates_ISaIvEEEEEvRKT_[_ZNK3ros9Publisher7publishIN11can_control17EncoderEstimates_ISaIvEEEEEvRKT_]+0x272): undefined reference to `ros::console::print(ros::console::FilterBase*, void*, ros::console::levels::Level, char const*, int, char const*, char const*, ...)'
/usr/bin/ld: drivetrain.cpp:(.text._ZNK3ros9Publisher7publishIN11can_control17EncoderEstimates_ISaIvEEEEEvRKT_[_ZNK3ros9Publisher7publishIN11can_control17EncoderEstimates_ISaIvEEEEEvRKT_]+0x27d): undefined reference to `ros::console::g_initialized'
/usr/bin/ld: drivetrain.cpp:(.text._ZNK3ros9Publisher7publishIN11can_control17EncoderEstimates_ISaIvEEEEEvRKT_[_ZNK3ros9Publisher7publishIN11can_control17EncoderEstimates_ISaIvEEEEEvRKT_]+0x28d): undefined reference to `ros::console::initialize()'
/usr/bin/ld: drivetrain.cpp:(.text._ZNK3ros9Publisher7publishIN11can_control17EncoderEstimates_ISaIvEEEEEvRKT_[_ZNK3ros9Publisher7publishIN11can_control17EncoderEstimates_ISaIvEEEEEvRKT_]+0x2e0): undefined reference to `ros::console::initializeLogLocation(ros::console::LogLocation*, std::__cxx11::basic_string<char, std::char_traits<char>, std::allocator<char> > const&, ros::console::levels::Level)'
/usr/bin/ld: drivetrain.cpp:(.text._ZNK3ros9Publisher7publishIN11can_control17EncoderEstimates_ISaIvEEEEEvRKT_[_ZNK3ros9Publisher7publishIN11can_control17EncoderEstimates_ISaIvEEEEEvRKT_]+0x320): undefined reference to `ros::console::setLogLocationLevel(ros::console::LogLocation*, ros::console::levels::Level)'
/usr/bin/ld: drivetrain.cpp:(.text._ZNK3ros9Publisher7publishIN11can_control17EncoderEstimates_ISaIvEEEEEvRKT_[_ZNK3ros9Publisher7publishIN11can_control17EncoderEstimates_ISaIvEEEEEvRKT_]+0x32c): undefined reference to `ros::console::checkLogLocationEnabled(ros::console::LogLocation*)'
/usr/bin/ld: drivetrain.cpp:(.text._ZNK3ros9Publisher7publishIN11can_control17EncoderEstimates_ISaIvEEEEEvRKT_[_ZNK3ros9Publisher7publishIN11can_control17EncoderEstimates_ISaIvEEEEEvRKT_]+0x384): undefined reference to `ros::console::print(ros::console::FilterBase*, void*, ros::console::levels::Level, char const*, int, char const*, char const*, ...)'
/usr/bin/ld: drivetrain.cpp:(.text._ZNK3ros9Publisher7publishIN11can_control17EncoderEstimates_ISaIvEEEEEvRKT_[_ZNK3ros9Publisher7publishIN11can_control17EncoderEstimates_ISaIvEEEEEvRKT_]+0x3a5): undefined reference to `ros::Publisher::Impl::isValid() const'
/usr/bin/ld: drivetrain.cpp:(.text._ZNK3ros9Publisher7publishIN11can_control17EncoderEstimates_ISaIvEEEEEvRKT_[_ZNK3ros9Publisher7publishIN11can_control17EncoderEstimates_ISaIvEEEEEvRKT_]+0x3b7): undefined reference to `ros::console::g_initialized'
/usr/bin/ld: drivetrain.cpp:(.text._ZNK3ros9Publisher7publishIN11can_control17EncoderEstimates_ISaIvEEEEEvRKT_[_ZNK3ros9Publisher7publishIN11can_control17EncoderEstimates_ISaIvEEEEEvRKT_]+0x3c7): undefined reference to `ros::console::initialize()'
/usr/bin/ld: drivetrain.cpp:(.text._ZNK3ros9Publisher7publishIN11can_control17EncoderEstimates_ISaIvEEEEEvRKT_[_ZNK3ros9Publisher7publishIN11can_control17EncoderEstimates_ISaIvEEEEEvRKT_]+0x41a): undefined reference to `ros::console::initializeLogLocation(ros::console::LogLocation*, std::__cxx11::basic_string<char, std::char_traits<char>, std::allocator<char> > const&, ros::console::levels::Level)'
/usr/bin/ld: drivetrain.cpp:(.text._ZNK3ros9Publisher7publishIN11can_control17EncoderEstimates_ISaIvEEEEEvRKT_[_ZNK3ros9Publisher7publishIN11can_control17EncoderEstimates_ISaIvEEEEEvRKT_]+0x45a): undefined reference to `ros::console::setLogLocationLevel(ros::console::LogLocation*, ros::console::levels::Level)'
/usr/bin/ld: drivetrain.cpp:(.text._ZNK3ros9Publisher7publishIN11can_control17EncoderEstimates_ISaIvEEEEEvRKT_[_ZNK3ros9Publisher7publishIN11can_control17EncoderEstimates_ISaIvEEEEEvRKT_]+0x466): undefined reference to `ros::console::checkLogLocationEnabled(ros::console::LogLocation*)'
/usr/bin/ld: drivetrain.cpp:(.text._ZNK3ros9Publisher7publishIN11can_control17EncoderEstimates_ISaIvEEEEEvRKT_[_ZNK3ros9Publisher7publishIN11can_control17EncoderEstimates_ISaIvEEEEEvRKT_]+0x4cc): undefined reference to `ros::console::print(ros::console::FilterBase*, void*, ros::console::levels::Level, char const*, int, char const*, char const*, ...)'
/usr/bin/ld: drivetrain.cpp:(.text._ZNK3ros9Publisher7publishIN11can_control17EncoderEstimates_ISaIvEEEEEvRKT_[_ZNK3ros9Publisher7publishIN11can_control17EncoderEstimates_ISaIvEEEEEvRKT_]+0x4d7): undefined reference to `ros::console::g_initialized'
/usr/bin/ld: drivetrain.cpp:(.text._ZNK3ros9Publisher7publishIN11can_control17EncoderEstimates_ISaIvEEEEEvRKT_[_ZNK3ros9Publisher7publishIN11can_control17EncoderEstimates_ISaIvEEEEEvRKT_]+0x4e7): undefined reference to `ros::console::initialize()'
/usr/bin/ld: drivetrain.cpp:(.text._ZNK3ros9Publisher7publishIN11can_control17EncoderEstimates_ISaIvEEEEEvRKT_[_ZNK3ros9Publisher7publishIN11can_control17EncoderEstimates_ISaIvEEEEEvRKT_]+0x53a): undefined reference to `ros::console::initializeLogLocation(ros::console::LogLocation*, std::__cxx11::basic_string<char, std::char_traits<char>, std::allocator<char> > const&, ros::console::levels::Level)'
/usr/bin/ld: drivetrain.cpp:(.text._ZNK3ros9Publisher7publishIN11can_control17EncoderEstimates_ISaIvEEEEEvRKT_[_ZNK3ros9Publisher7publishIN11can_control17EncoderEstimates_ISaIvEEEEEvRKT_]+0x57a): undefined reference to `ros::console::setLogLocationLevel(ros::console::LogLocation*, ros::console::levels::Level)'
/usr/bin/ld: drivetrain.cpp:(.text._ZNK3ros9Publisher7publishIN11can_control17EncoderEstimates_ISaIvEEEEEvRKT_[_ZNK3ros9Publisher7publishIN11can_control17EncoderEstimates_ISaIvEEEEEvRKT_]+0x586): undefined reference to `ros::console::checkLogLocationEnabled(ros::console::LogLocation*)'
/usr/bin/ld: drivetrain.cpp:(.text._ZNK3ros9Publisher7publishIN11can_control17EncoderEstimates_ISaIvEEEEEvRKT_[_ZNK3ros9Publisher7publishIN11can_control17EncoderEstimates_ISaIvEEEEEvRKT_]+0x5f5): undefined reference to `ros::console::print(ros::console::FilterBase*, void*, ros::console::levels::Level, char const*, int, char const*, char const*, ...)'
/usr/bin/ld: drivetrain.cpp:(.text._ZNK3ros9Publisher7publishIN11can_control17EncoderEstimates_ISaIvEEEEEvRKT_[_ZNK3ros9Publisher7publishIN11can_control17EncoderEstimates_ISaIvEEEEEvRKT_]+0x600): undefined reference to `ros::console::g_initialized'
/usr/bin/ld: drivetrain.cpp:(.text._ZNK3ros9Publisher7publishIN11can_control17EncoderEstimates_ISaIvEEEEEvRKT_[_ZNK3ros9Publisher7publishIN11can_control17EncoderEstimates_ISaIvEEEEEvRKT_]+0x610): undefined reference to `ros::console::initialize()'
/usr/bin/ld: drivetrain.cpp:(.text._ZNK3ros9Publisher7publishIN11can_control17EncoderEstimates_ISaIvEEEEEvRKT_[_ZNK3ros9Publisher7publishIN11can_control17EncoderEstimates_ISaIvEEEEEvRKT_]+0x663): undefined reference to `ros::console::initializeLogLocation(ros::console::LogLocation*, std::__cxx11::basic_string<char, std::char_traits<char>, std::allocator<char> > const&, ros::console::levels::Level)'
/usr/bin/ld: drivetrain.cpp:(.text._ZNK3ros9Publisher7publishIN11can_control17EncoderEstimates_ISaIvEEEEEvRKT_[_ZNK3ros9Publisher7publishIN11can_control17EncoderEstimates_ISaIvEEEEEvRKT_]+0x6a3): undefined reference to `ros::console::setLogLocationLevel(ros::console::LogLocation*, ros::console::levels::Level)'
/usr/bin/ld: drivetrain.cpp:(.text._ZNK3ros9Publisher7publishIN11can_control17EncoderEstimates_ISaIvEEEEEvRKT_[_ZNK3ros9Publisher7publishIN11can_control17EncoderEstimates_ISaIvEEEEEvRKT_]+0x6af): undefined reference to `ros::console::checkLogLocationEnabled(ros::console::LogLocation*)'
/usr/bin/ld: drivetrain.cpp:(.text._ZNK3ros9Publisher7publishIN11can_control17EncoderEstimates_ISaIvEEEEEvRKT_[_ZNK3ros9Publisher7publishIN11can_control17EncoderEstimates_ISaIvEEEEEvRKT_]+0x707): undefined reference to `ros::console::print(ros::console::FilterBase*, void*, ros::console::levels::Level, char const*, int, char const*, char const*, ...)'
/usr/bin/ld: drivetrain.cpp:(.text._ZNK3ros9Publisher7publishIN11can_control17EncoderEstimates_ISaIvEEEEEvRKT_[_ZNK3ros9Publisher7publishIN11can_control17EncoderEstimates_ISaIvEEEEEvRKT_]+0x815): undefined reference to `ros::console::g_initialized'
/usr/bin/ld: drivetrain.cpp:(.text._ZNK3ros9Publisher7publishIN11can_control17EncoderEstimates_ISaIvEEEEEvRKT_[_ZNK3ros9Publisher7publishIN11can_control17EncoderEstimates_ISaIvEEEEEvRKT_]+0x825): undefined reference to `ros::console::initialize()'
/usr/bin/ld: drivetrain.cpp:(.text._ZNK3ros9Publisher7publishIN11can_control17EncoderEstimates_ISaIvEEEEEvRKT_[_ZNK3ros9Publisher7publishIN11can_control17EncoderEstimates_ISaIvEEEEEvRKT_]+0x878): undefined reference to `ros::console::initializeLogLocation(ros::console::LogLocation*, std::__cxx11::basic_string<char, std::char_traits<char>, std::allocator<char> > const&, ros::console::levels::Level)'
/usr/bin/ld: drivetrain.cpp:(.text._ZNK3ros9Publisher7publishIN11can_control17EncoderEstimates_ISaIvEEEEEvRKT_[_ZNK3ros9Publisher7publishIN11can_control17EncoderEstimates_ISaIvEEEEEvRKT_]+0x8b7): undefined reference to `ros::console::setLogLocationLevel(ros::console::LogLocation*, ros::console::levels::Level)'
/usr/bin/ld: drivetrain.cpp:(.text._ZNK3ros9Publisher7publishIN11can_control17EncoderEstimates_ISaIvEEEEEvRKT_[_ZNK3ros9Publisher7publishIN11can_control17EncoderEstimates_ISaIvEEEEEvRKT_]+0x8c3): undefined reference to `ros::console::checkLogLocationEnabled(ros::console::LogLocation*)'
/usr/bin/ld: drivetrain.cpp:(.text._ZNK3ros9Publisher7publishIN11can_control17EncoderEstimates_ISaIvEEEEEvRKT_[_ZNK3ros9Publisher7publishIN11can_control17EncoderEstimates_ISaIvEEEEEvRKT_]+0x9a2): undefined reference to `ros::console::print(ros::console::FilterBase*, void*, ros::console::levels::Level, char const*, int, char const*, char const*, ...)'
/usr/bin/ld: drivetrain.cpp:(.text._ZNK3ros9Publisher7publishIN11can_control17EncoderEstimates_ISaIvEEEEEvRKT_[_ZNK3ros9Publisher7publishIN11can_control17EncoderEstimates_ISaIvEEEEEvRKT_]+0xa35): undefined reference to `ros::Publisher::publish(boost::function<ros::SerializedMessage ()> const&, ros::SerializedMessage&) const'
/usr/bin/ld: CMakeFiles/drivetrain.dir/src/drivetrain.cpp.o: in function `void ros::serialization::Serializer<unsigned int>::write<ros::serialization::OStream>(ros::serialization::OStream&, unsigned int)':
drivetrain.cpp:(.text._ZN3ros13serialization10SerializerIjE5writeINS0_7OStreamEEEvRT_j[_ZN3ros13serialization10SerializerIjE5writeINS0_7OStreamEEEvRT_j]+0x56): undefined reference to `ros::serialization::throwStreamOverrun()'
/usr/bin/ld: CMakeFiles/drivetrain.dir/src/drivetrain.cpp.o: in function `void __gnu_cxx::new_allocator<CANInterface>::construct<CANInterface>(CANInterface*)':
drivetrain.cpp:(.text._ZN9__gnu_cxx13new_allocatorI12CANInterfaceE9constructIS1_JEEEvPT_DpOT0_[_ZN9__gnu_cxx13new_allocatorI12CANInterfaceE9constructIS1_JEEEvPT_DpOT0_]+0x31): undefined reference to `CANInterface::CANInterface()'
/usr/bin/ld: CMakeFiles/drivetrain.dir/src/drivetrain.cpp.o: in function `void __gnu_cxx::new_allocator<OdriveMotor>::construct<OdriveMotor, unsigned char&, OdriveMotor::ControlMode, CANInterface*>(OdriveMotor*, unsigned char&, OdriveMotor::ControlMode&&, CANInterface*&&)':
drivetrain.cpp:(.text._ZN9__gnu_cxx13new_allocatorI11OdriveMotorE9constructIS1_JRhNS1_11ControlModeEP12CANInterfaceEEEvPT_DpOT0_[_ZN9__gnu_cxx13new_allocatorI11OdriveMotorE9constructIS1_JRhNS1_11ControlModeEP12CANInterfaceEEEvPT_DpOT0_]+0x7b): undefined reference to `OdriveMotor::OdriveMotor(unsigned char, OdriveMotor::ControlMode, CANInterface*)'
/usr/bin/ld: CMakeFiles/drivetrain.dir/src/drivetrain.cpp.o: in function `void ros::serialization::Serializer<unsigned char>::write<ros::serialization::OStream>(ros::serialization::OStream&, unsigned char)':
drivetrain.cpp:(.text._ZN3ros13serialization10SerializerIhE5writeINS0_7OStreamEEEvRT_h[_ZN3ros13serialization10SerializerIhE5writeINS0_7OStreamEEEvRT_h]+0x58): undefined reference to `ros::serialization::throwStreamOverrun()'
/usr/bin/ld: CMakeFiles/drivetrain.dir/src/drivetrain.cpp.o: in function `void ros::serialization::Serializer<float>::write<ros::serialization::OStream>(ros::serialization::OStream&, float)':
drivetrain.cpp:(.text._ZN3ros13serialization10SerializerIfE5writeINS0_7OStreamEEEvRT_f[_ZN3ros13serialization10SerializerIfE5writeINS0_7OStreamEEEvRT_f]+0x58): undefined reference to `ros::serialization::throwStreamOverrun()'
/usr/bin/ld: CMakeFiles/drivetrain.dir/src/drivetrain.cpp.o: in function `ros::SubscriptionCallbackHelperT<boost::shared_ptr<can_control::MecanumControl_<std::allocator<void> > const> const&, void>::deserialize(ros::SubscriptionCallbackHelperDeserializeParams const&)':
drivetrain.cpp:(.text._ZN3ros27SubscriptionCallbackHelperTIRKN5boost10shared_ptrIKN11can_control15MecanumControl_ISaIvEEEEEvE11deserializeERKNS_43SubscriptionCallbackHelperDeserializeParamsE[_ZN3ros27SubscriptionCallbackHelperTIRKN5boost10shared_ptrIKN11can_control15MecanumControl_ISaIvEEEEEvE11deserializeERKNS_43SubscriptionCallbackHelperDeserializeParamsE]+0x65): undefined reference to `ros::console::g_initialized'
/usr/bin/ld: drivetrain.cpp:(.text._ZN3ros27SubscriptionCallbackHelperTIRKN5boost10shared_ptrIKN11can_control15MecanumControl_ISaIvEEEEEvE11deserializeERKNS_43SubscriptionCallbackHelperDeserializeParamsE[_ZN3ros27SubscriptionCallbackHelperTIRKN5boost10shared_ptrIKN11can_control15MecanumControl_ISaIvEEEEEvE11deserializeERKNS_43SubscriptionCallbackHelperDeserializeParamsE]+0x75): undefined reference to `ros::console::initialize()'
/usr/bin/ld: drivetrain.cpp:(.text._ZN3ros27SubscriptionCallbackHelperTIRKN5boost10shared_ptrIKN11can_control15MecanumControl_ISaIvEEEEEvE11deserializeERKNS_43SubscriptionCallbackHelperDeserializeParamsE[_ZN3ros27SubscriptionCallbackHelperTIRKN5boost10shared_ptrIKN11can_control15MecanumControl_ISaIvEEEEEvE11deserializeERKNS_43SubscriptionCallbackHelperDeserializeParamsE]+0xc2): undefined reference to `ros::console::initializeLogLocation(ros::console::LogLocation*, std::__cxx11::basic_string<char, std::char_traits<char>, std::allocator<char> > const&, ros::console::levels::Level)'
/usr/bin/ld: drivetrain.cpp:(.text._ZN3ros27SubscriptionCallbackHelperTIRKN5boost10shared_ptrIKN11can_control15MecanumControl_ISaIvEEEEEvE11deserializeERKNS_43SubscriptionCallbackHelperDeserializeParamsE[_ZN3ros27SubscriptionCallbackHelperTIRKN5boost10shared_ptrIKN11can_control15MecanumControl_ISaIvEEEEEvE11deserializeERKNS_43SubscriptionCallbackHelperDeserializeParamsE]+0xfe): undefined reference to `ros::console::setLogLocationLevel(ros::console::LogLocation*, ros::console::levels::Level)'
/usr/bin/ld: drivetrain.cpp:(.text._ZN3ros27SubscriptionCallbackHelperTIRKN5boost10shared_ptrIKN11can_control15MecanumControl_ISaIvEEEEEvE11deserializeERKNS_43SubscriptionCallbackHelperDeserializeParamsE[_ZN3ros27SubscriptionCallbackHelperTIRKN5boost10shared_ptrIKN11can_control15MecanumControl_ISaIvEEEEEvE11deserializeERKNS_43SubscriptionCallbackHelperDeserializeParamsE]+0x10a): undefined reference to `ros::console::checkLogLocationEnabled(ros::console::LogLocation*)'
/usr/bin/ld: drivetrain.cpp:(.text._ZN3ros27SubscriptionCallbackHelperTIRKN5boost10shared_ptrIKN11can_control15MecanumControl_ISaIvEEEEEvE11deserializeERKNS_43SubscriptionCallbackHelperDeserializeParamsE[_ZN3ros27SubscriptionCallbackHelperTIRKN5boost10shared_ptrIKN11can_control15MecanumControl_ISaIvEEEEEvE11deserializeERKNS_43SubscriptionCallbackHelperDeserializeParamsE]+0x187): undefined reference to `ros::console::print(ros::console::FilterBase*, void*, ros::console::levels::Level, char const*, int, char const*, char const*, ...)'
/usr/bin/ld: CMakeFiles/drivetrain.dir/src/drivetrain.cpp.o: in function `void __gnu_cxx::new_allocator<OdriveMotor>::destroy<OdriveMotor>(OdriveMotor*)':
drivetrain.cpp:(.text._ZN9__gnu_cxx13new_allocatorI11OdriveMotorE7destroyIS1_EEvPT_[_ZN9__gnu_cxx13new_allocatorI11OdriveMotorE7destroyIS1_EEvPT_]+0x1c): undefined reference to `OdriveMotor::~OdriveMotor()'
/usr/bin/ld: CMakeFiles/drivetrain.dir/src/drivetrain.cpp.o: in function `void __gnu_cxx::new_allocator<CANInterface>::destroy<CANInterface>(CANInterface*)':
drivetrain.cpp:(.text._ZN9__gnu_cxx13new_allocatorI12CANInterfaceE7destroyIS1_EEvPT_[_ZN9__gnu_cxx13new_allocatorI12CANInterfaceE7destroyIS1_EEvPT_]+0x1c): undefined reference to `CANInterface::~CANInterface()'
/usr/bin/ld: CMakeFiles/drivetrain.dir/src/drivetrain.cpp.o: in function `void ros::serialization::Serializer<unsigned char>::read<ros::serialization::IStream>(ros::serialization::IStream&, unsigned char&)':
drivetrain.cpp:(.text._ZN3ros13serialization10SerializerIhE4readINS0_7IStreamEEEvRT_Rh[_ZN3ros13serialization10SerializerIhE4readINS0_7IStreamEEEvRT_Rh]+0x57): undefined reference to `ros::serialization::throwStreamOverrun()'
/usr/bin/ld: CMakeFiles/drivetrain.dir/src/drivetrain.cpp.o: in function `void ros::serialization::Serializer<float>::read<ros::serialization::IStream>(ros::serialization::IStream&, float&)':
drivetrain.cpp:(.text._ZN3ros13serialization10SerializerIfE4readINS0_7IStreamEEEvRT_Rf[_ZN3ros13serialization10SerializerIfE4readINS0_7IStreamEEEvRT_Rf]+0x57): undefined reference to `ros::serialization::throwStreamOverrun()'
collect2: error: ld returned 1 exit status
make[2]: *** [CMakeFiles/drivetrain.dir/build.make:84: /home/aclab/Desktop/ROS-VR/catkin_ws/devel/.private/can_control/lib/can_control/drivetrain] Error 1
make[1]: *** [CMakeFiles/Makefile2:169: CMakeFiles/drivetrain.dir/all] Error 2
make: *** [Makefile:141: all] Error 2
