[  0%] Built target std_msgs_generate_messages_py
[  0%] Built target std_msgs_generate_messages_nodejs
[  0%] Built target std_msgs_generate_messages_eus
[  0%] Built target rosgraph_msgs_generate_messages_eus
[  0%] Built target rosgraph_msgs_generate_messages_cpp
[  0%] Built target roscpp_generate_messages_cpp
[  0%] Built target roscpp_generate_messages_nodejs
[  0%] Built target _can_control_generate_messages_check_deps_MecanumControl
[  0%] Built target roscpp_generate_messages_eus
[  0%] Built target _can_control_generate_messages_check_deps_EncoderEstimates
[  0%] Built target roscpp_generate_messages_py
[  0%] Built target roscpp_generate_messages_lisp
[  0%] Built target rosgraph_msgs_generate_messages_lisp
[  0%] Built target rosgraph_msgs_generate_messages_nodejs
[  0%] Built target std_msgs_generate_messages_lisp
[  0%] Built target std_msgs_generate_messages_cpp
[  0%] Built target rosgraph_msgs_generate_messages_py
[ 16%] Built target can_control_generate_messages_eus
[ 33%] Built target can_control_generate_messages_py
[ 44%] Built target can_control_generate_messages_nodejs
[ 55%] Built target can_control_generate_messages_cpp
[ 66%] Built target can_control_generate_messages_lisp
[35m[1mScanning dependencies of target ctrl_manual[0m
[35m[1mScanning dependencies of target drivetrain[0m
[ 66%] Built target can_control_generate_messages
[ 72%] [32mBuilding CXX object CMakeFiles/ctrl_manual.dir/src/ctrl_manual.cpp.o[0m
[ 77%] [32mBuilding CXX object CMakeFiles/drivetrain.dir/src/drivetrain.cpp.o[0m
[ 83%] [32m[1mLinking CXX executable /home/aclab/Desktop/ROS-VR/catkin_ws/devel/.private/can_control/lib/can_control/ctrl_manual[0m
[ 83%] Built target ctrl_manual
[ 88%] [32m[1mLinking CXX executable /home/aclab/Desktop/ROS-VR/catkin_ws/devel/.private/can_control/lib/can_control/drivetrain[0m
[100%] Built target drivetrain
