Symlinking /home/aclab/Desktop/ROS-VR/catkin_ws/devel/share/can_control/cmake/can_control-msg-paths.cmake
Symlinking /home/aclab/Desktop/ROS-VR/catkin_ws/devel/share/can_control/cmake/can_control-msg-extras.cmake
Linked: (/home/aclab/Desktop/ROS-VR/catkin_ws/devel/.private/can_control/share/can_control/cmake/can_controlConfig.cmake, /home/aclab/Desktop/ROS-VR/catkin_ws/devel/share/can_control/cmake/can_controlConfig.cmake)
Linked: (/home/aclab/Desktop/ROS-VR/catkin_ws/devel/.private/can_control/share/can_control/cmake/can_controlConfig-version.cmake, /home/aclab/Desktop/ROS-VR/catkin_ws/devel/share/can_control/cmake/can_controlConfig-version.cmake)
Symlinking /home/aclab/Desktop/ROS-VR/catkin_ws/devel/share/gennodejs/ros/can_control/_index.js
Symlinking /home/aclab/Desktop/ROS-VR/catkin_ws/devel/share/gennodejs/ros/can_control/msg/_index.js
Symlinking /home/aclab/Desktop/ROS-VR/catkin_ws/devel/share/gennodejs/ros/can_control/msg/MecanumControl.js
Symlinking /home/aclab/Desktop/ROS-VR/catkin_ws/devel/share/gennodejs/ros/can_control/msg/EncoderEstimates.js
Symlinking /home/aclab/Desktop/ROS-VR/catkin_ws/devel/share/common-lisp/ros/can_control/msg/_package.lisp
Symlinking /home/aclab/Desktop/ROS-VR/catkin_ws/devel/share/common-lisp/ros/can_control/msg/EncoderEstimates.lisp
Symlinking /home/aclab/Desktop/ROS-VR/catkin_ws/devel/share/common-lisp/ros/can_control/msg/_package_MecanumControl.lisp
Symlinking /home/aclab/Desktop/ROS-VR/catkin_ws/devel/share/common-lisp/ros/can_control/msg/can_control-msg.asd
Symlinking /home/aclab/Desktop/ROS-VR/catkin_ws/devel/share/common-lisp/ros/can_control/msg/_package_EncoderEstimates.lisp
Symlinking /home/aclab/Desktop/ROS-VR/catkin_ws/devel/share/common-lisp/ros/can_control/msg/MecanumControl.lisp
Symlinking /home/aclab/Desktop/ROS-VR/catkin_ws/devel/share/roseus/ros/can_control/manifest.l
Symlinking /home/aclab/Desktop/ROS-VR/catkin_ws/devel/share/roseus/ros/can_control/msg/MecanumControl.l
Symlinking /home/aclab/Desktop/ROS-VR/catkin_ws/devel/share/roseus/ros/can_control/msg/EncoderEstimates.l
Symlinking /home/aclab/Desktop/ROS-VR/catkin_ws/devel/include/can_control/MecanumControl.h
Symlinking /home/aclab/Desktop/ROS-VR/catkin_ws/devel/include/can_control/EncoderEstimates.h
Symlinking /home/aclab/Desktop/ROS-VR/catkin_ws/devel/lib/can_control/drivetrain
Symlinking /home/aclab/Desktop/ROS-VR/catkin_ws/devel/lib/python3/dist-packages/can_control/__init__.py
Symlinking /home/aclab/Desktop/ROS-VR/catkin_ws/devel/lib/python3/dist-packages/can_control/msg/_MecanumControl.py
Symlinking /home/aclab/Desktop/ROS-VR/catkin_ws/devel/lib/python3/dist-packages/can_control/msg/__init__.py
Symlinking /home/aclab/Desktop/ROS-VR/catkin_ws/devel/lib/python3/dist-packages/can_control/msg/_EncoderEstimates.py
Linked: (/home/aclab/Desktop/ROS-VR/catkin_ws/devel/.private/can_control/lib/pkgconfig/can_control.pc, /home/aclab/Desktop/ROS-VR/catkin_ws/devel/lib/pkgconfig/can_control.pc)
