[01m[K/home/aclab/Desktop/ROS-VR/catkin_ws/src/can_control/src/drivetrain.cpp:11:7:[m[K [01;31m[Kerror: [m[K‘[01m[Kmecanum_drivetrain[m[K’ has not been declared
   11 | using [01;31m[Kmecanum_drivetrain[m[K::msg::EncoderEstimates;
      |       [01;31m[K^~~~~~~~~~~~~~~~~~[m[K
[01m[K/home/aclab/Desktop/ROS-VR/catkin_ws/src/can_control/src/drivetrain.cpp:12:7:[m[K [01;31m[Kerror: [m[K‘[01m[Kmecanum_drivetrain[m[K’ has not been declared
   12 | using [01;31m[Kmecanum_drivetrain[m[K::msg::MecanumControl;
      |       [01;31m[K^~~~~~~~~~~~~~~~~~[m[K
[01m[K/home/aclab/Desktop/ROS-VR/catkin_ws/src/can_control/src/drivetrain.cpp:14:27:[m[K [01;31m[Kerror: [m[K‘[01m[Krclcpp[m[K’ has not been declared
   14 | class Drivetrain : public [01;31m[Krclcpp[m[K::Node
      |                           [01;31m[K^~~~~~[m[K
[01m[K/home/aclab/Desktop/ROS-VR/catkin_ws/src/can_control/src/drivetrain.cpp:14:35:[m[K [01;31m[Kerror: [m[Kexpected ‘[01m[K{[m[K’ before ‘[01m[KNode[m[K’
   14 | class Drivetrain : public rclcpp::[01;31m[KNode[m[K
      |                                   [01;31m[K^~~~[m[K
[01m[K/home/aclab/Desktop/ROS-VR/catkin_ws/src/can_control/src/drivetrain.cpp:16:1:[m[K [01;31m[Kerror: [m[Kexpected primary-expression before ‘[01m[Kpublic[m[K’
   16 | [01;31m[Kpublic[m[K:
      | [01;31m[K^~~~~~[m[K
[01m[K/home/aclab/Desktop/ROS-VR/catkin_ws/src/can_control/src/drivetrain.cpp:16:1:[m[K [01;31m[Kerror: [m[Kexpected ‘[01m[K}[m[K’ before ‘[01m[Kpublic[m[K’
[01m[K/home/aclab/Desktop/ROS-VR/catkin_ws/src/can_control/src/drivetrain.cpp:15:1:[m[K [01;36m[Knote: [m[Kto match this ‘[01m[K{[m[K’
   15 | [01;36m[K{[m[K
      | [01;36m[K^[m[K
[01m[K/home/aclab/Desktop/ROS-VR/catkin_ws/src/can_control/src/drivetrain.cpp:51:1:[m[K [01;31m[Kerror: [m[Kexpected unqualified-id before ‘[01m[Kprivate[m[K’
   51 | [01;31m[Kprivate[m[K:
      | [01;31m[K^~~~~~~[m[K
[01m[K/home/aclab/Desktop/ROS-VR/catkin_ws/src/can_control/src/drivetrain.cpp:54:5:[m[K [01;31m[Kerror: [m[K‘[01m[Krclcpp[m[K’ does not name a type
   54 |     [01;31m[Krclcpp[m[K::Subscription<MecanumControl>::SharedPtr sub_;
      |     [01;31m[K^~~~~~[m[K
[01m[K/home/aclab/Desktop/ROS-VR/catkin_ws/src/can_control/src/drivetrain.cpp:55:5:[m[K [01;31m[Kerror: [m[K‘[01m[Krclcpp[m[K’ does not name a type
   55 |     [01;31m[Krclcpp[m[K::Publisher<EncoderEstimates>::SharedPtr pub_enc_;
      |     [01;31m[K^~~~~~[m[K
[01m[K/home/aclab/Desktop/ROS-VR/catkin_ws/src/can_control/src/drivetrain.cpp:57:22:[m[K [01;31m[Kerror: [m[K‘[01m[KMecanumControl[m[K’ does not name a type
   57 |     void onCmd(const [01;31m[KMecanumControl[m[K::SharedPtr m)
      |                      [01;31m[K^~~~~~~~~~~~~~[m[K
[01m[K/home/aclab/Desktop/ROS-VR/catkin_ws/src/can_control/src/drivetrain.cpp:57:48:[m[K [01;31m[Kerror: [m[Kexpected unqualified-id before ‘[01m[Km[m[K’
   57 |     void onCmd(const MecanumControl::SharedPtr [01;31m[Km[m[K)
      |                                                [01;31m[K^[m[K
[01m[K/home/aclab/Desktop/ROS-VR/catkin_ws/src/can_control/src/drivetrain.cpp:57:47:[m[K [01;31m[Kerror: [m[Kexpected ‘[01m[K)[m[K’ before ‘[01m[Km[m[K’
   57 |     void onCmd[34m[K([m[Kconst MecanumControl::SharedPtr[01;31m[K [m[K[32m[Km[m[K)
      |               [34m[K~[m[K                               [01;31m[K^[m[K[32m[K~[m[K
      |                                               [32m[K)[m[K
[01m[K/home/aclab/Desktop/ROS-VR/catkin_ws/src/can_control/src/drivetrain.cpp:57:48:[m[K [01;31m[Kerror: [m[Kexpected initializer before ‘[01m[Km[m[K’
   57 |     void onCmd(const MecanumControl::SharedPtr [01;31m[Km[m[K)
      |                                                [01;31m[K^[m[K
[01m[K/home/aclab/Desktop/ROS-VR/catkin_ws/src/can_control/src/drivetrain.cpp:[m[K In function ‘[01m[Kvoid onFb(uint32_t, const uint8_t*)[m[K’:
[01m[K/home/aclab/Desktop/ROS-VR/catkin_ws/src/can_control/src/drivetrain.cpp:92:9:[m[K [01;31m[Kerror: [m[K‘[01m[KEncoderEstimates[m[K’ was not declared in this scope
   92 |         [01;31m[KEncoderEstimates[m[K msg;
      |         [01;31m[K^~~~~~~~~~~~~~~~[m[K
[01m[K/home/aclab/Desktop/ROS-VR/catkin_ws/src/can_control/src/drivetrain.cpp:93:9:[m[K [01;31m[Kerror: [m[K‘[01m[Kmsg[m[K’ was not declared in this scope
   93 |         [01;31m[Kmsg[m[K.device_id = device_id;
      |         [01;31m[K^~~[m[K
[01m[K/home/aclab/Desktop/ROS-VR/catkin_ws/src/can_control/src/drivetrain.cpp:96:9:[m[K [01;31m[Kerror: [m[K‘[01m[Kpub_enc_[m[K’ was not declared in this scope
   96 |         [01;31m[Kpub_enc_[m[K->publish(msg);
      |         [01;31m[K^~~~~~~~[m[K
[01m[K/home/aclab/Desktop/ROS-VR/catkin_ws/src/can_control/src/drivetrain.cpp:[m[K At global scope:
[01m[K/home/aclab/Desktop/ROS-VR/catkin_ws/src/can_control/src/drivetrain.cpp:98:1:[m[K [01;31m[Kerror: [m[Kexpected declaration before ‘[01m[K}[m[K’ token
   98 | [01;31m[K}[m[K;
      | [01;31m[K^[m[K
[01m[K/home/aclab/Desktop/ROS-VR/catkin_ws/src/can_control/src/drivetrain.cpp:[m[K In function ‘[01m[Kint main(int, char**)[m[K’:
[01m[K/home/aclab/Desktop/ROS-VR/catkin_ws/src/can_control/src/drivetrain.cpp:102:5:[m[K [01;31m[Kerror: [m[K‘[01m[Krclcpp[m[K’ has not been declared
  102 |     [01;31m[Krclcpp[m[K::init(argc, argv);
      |     [01;31m[K^~~~~~[m[K
[01m[K/home/aclab/Desktop/ROS-VR/catkin_ws/src/can_control/src/drivetrain.cpp:103:5:[m[K [01;31m[Kerror: [m[K‘[01m[Krclcpp[m[K’ has not been declared
  103 |     [01;31m[Krclcpp[m[K::spin(std::make_shared<Drivetrain>());
      |     [01;31m[K^~~~~~[m[K
[01m[K/home/aclab/Desktop/ROS-VR/catkin_ws/src/can_control/src/drivetrain.cpp:104:5:[m[K [01;31m[Kerror: [m[K‘[01m[Krclcpp[m[K’ has not been declared
  104 |     [01;31m[Krclcpp[m[K::shutdown();
      |     [01;31m[K^~~~~~[m[K
In file included from [01m[K/usr/include/c++/9/bits/shared_ptr_base.h:56[m[K,
                 from [01m[K/usr/include/c++/9/bits/shared_ptr.h:52[m[K,
                 from [01m[K/usr/include/c++/9/memory:81[m[K,
                 from [01m[K/home/aclab/Desktop/ROS-VR/catkin_ws/src/can_control/src/drivetrain.cpp:6[m[K:
/usr/include/c++/9/ext/aligned_buffer.h: In instantiation of ‘[01m[Kstruct __gnu_cxx::__aligned_buffer<Drivetrain>[m[K’:
[01m[K/usr/include/c++/9/bits/shared_ptr_base.h:535:35:[m[K   required from ‘[01m[Kclass std::_Sp_counted_ptr_inplace<Drivetrain, std::allocator<Drivetrain>, __gnu_cxx::_S_atomic>::_Impl[m[K’
[01m[K/usr/include/c++/9/bits/shared_ptr_base.h:596:13:[m[K   required from ‘[01m[Kclass std::_Sp_counted_ptr_inplace<Drivetrain, std::allocator<Drivetrain>, __gnu_cxx::_S_atomic>[m[K’
[01m[K/usr/include/c++/9/bits/shared_ptr_base.h:676:43:[m[K   required from ‘[01m[Kstd::__shared_count<_Lp>::__shared_count(_Tp*&, std::_Sp_alloc_shared_tag<_Alloc>, _Args&& ...) [with _Tp = Drivetrain; _Alloc = std::allocator<Drivetrain>; _Args = {}; __gnu_cxx::_Lock_policy _Lp = __gnu_cxx::_S_atomic][m[K’
[01m[K/usr/include/c++/9/bits/shared_ptr_base.h:1344:71:[m[K   required from ‘[01m[Kstd::__shared_ptr<_Tp, _Lp>::__shared_ptr(std::_Sp_alloc_shared_tag<_Tp>, _Args&& ...) [with _Alloc = std::allocator<Drivetrain>; _Args = {}; _Tp = Drivetrain; __gnu_cxx::_Lock_policy _Lp = __gnu_cxx::_S_atomic][m[K’
[01m[K/usr/include/c++/9/bits/shared_ptr.h:359:59:[m[K   required from ‘[01m[Kstd::shared_ptr<_Tp>::shared_ptr(std::_Sp_alloc_shared_tag<_Tp>, _Args&& ...) [with _Alloc = std::allocator<Drivetrain>; _Args = {}; _Tp = Drivetrain][m[K’
[01m[K/usr/include/c++/9/bits/shared_ptr.h:701:14:[m[K   required from ‘[01m[Kstd::shared_ptr<_Tp> std::allocate_shared(const _Alloc&, _Args&& ...) [with _Tp = Drivetrain; _Alloc = std::allocator<Drivetrain>; _Args = {}][m[K’
[01m[K/usr/include/c++/9/bits/shared_ptr.h:717:39:[m[K   required from ‘[01m[Kstd::shared_ptr<_Tp> std::make_shared(_Args&& ...) [with _Tp = Drivetrain; _Args = {}][m[K’
[01m[K/home/aclab/Desktop/ROS-VR/catkin_ws/src/can_control/src/drivetrain.cpp:103:47:[m[K   required from here
[01m[K/usr/include/c++/9/ext/aligned_buffer.h:91:28:[m[K [01;31m[Kerror: [m[Kinvalid application of ‘[01m[Ksizeof[m[K’ to incomplete type ‘[01m[KDrivetrain[m[K’
   91 |     : std::aligned_storage<[01;31m[Ksizeof(_Tp)[m[K, __alignof__(_Tp)>
      |                            [01;31m[K^~~~~~~~~~~[m[K
[01m[K/usr/include/c++/9/ext/aligned_buffer.h:91:28:[m[K [01;31m[Kerror: [m[Kinvalid application of ‘[01m[Ksizeof[m[K’ to incomplete type ‘[01m[KDrivetrain[m[K’
make[2]: *** [CMakeFiles/drivetrain.dir/build.make:63: CMakeFiles/drivetrain.dir/src/drivetrain.cpp.o] Error 1
make[1]: *** [CMakeFiles/Makefile2:155: CMakeFiles/drivetrain.dir/all] Error 2
make: *** [Makefile:141: all] Error 2
