[  0%] Built target std_msgs_generate_messages_eus
[  0%] Built target std_msgs_generate_messages_py
[  0%] Built target rosgraph_msgs_generate_messages_eus
[  0%] Built target std_msgs_generate_messages_nodejs
[  0%] Built target rosgraph_msgs_generate_messages_cpp
[  0%] Built target roscpp_generate_messages_cpp
[  0%] Built target roscpp_generate_messages_nodejs
[  0%] Built target roscpp_generate_messages_eus
[  0%] Built target _can_control_generate_messages_check_deps_MecanumControl
[  0%] Built target roscpp_generate_messages_py
[  0%] Built target rosgraph_msgs_generate_messages_lisp
[  0%] Built target _can_control_generate_messages_check_deps_EncoderEstimates
[  0%] Built target roscpp_generate_messages_lisp
[  0%] Built target rosgraph_msgs_generate_messages_nodejs
[  0%] Built target std_msgs_generate_messages_lisp
[  0%] Built target std_msgs_generate_messages_cpp
[  0%] Built target rosgraph_msgs_generate_messages_py
[ 15%] Built target can_control_generate_messages_eus
[ 35%] Built target can_control_generate_messages_nodejs
[ 40%] Built target can_control_generate_messages_py
[ 50%] Built target can_control_generate_messages_lisp
[ 60%] Built target can_control_generate_messages_cpp
[ 70%] Built target ctrl_auto
[ 70%] Built target can_control_generate_messages
[ 90%] Built target drivetrain
[100%] Built target ctrl_manual
