[  0%] Built target std_msgs_generate_messages_nodejs
[  0%] Built target std_msgs_generate_messages_eus
[  0%] Built target std_msgs_generate_messages_py
[  0%] Built target rosgraph_msgs_generate_messages_eus
[  0%] Built target roscpp_generate_messages_nodejs
[  0%] Built target rosgraph_msgs_generate_messages_cpp
[  0%] Built target roscpp_generate_messages_cpp
[  0%] Built target roscpp_generate_messages_eus
[  0%] Built target _can_control_generate_messages_check_deps_MecanumControl
[  0%] Built target rosgraph_msgs_generate_messages_lisp
[  0%] Built target roscpp_generate_messages_lisp
[  0%] Built target roscpp_generate_messages_py
[  0%] Built target rosgraph_msgs_generate_messages_nodejs
[  0%] Built target _can_control_generate_messages_check_deps_EncoderEstimates
[  0%] Built target std_msgs_generate_messages_lisp
[  0%] Built target std_msgs_generate_messages_cpp
[  0%] Built target rosgraph_msgs_generate_messages_py
[ 16%] Built target can_control_generate_messages_py
[ 33%] Built target can_control_generate_messages_eus
[ 44%] Built target can_control_generate_messages_nodejs
[ 55%] Built target can_control_generate_messages_lisp
[ 66%] Built target can_control_generate_messages_cpp
[35m[1mScanning dependencies of target ctrl_manual[0m
[ 72%] [32mBuilding CXX object CMakeFiles/ctrl_manual.dir/src/ctrl_manual.cpp.o[0m
[ 94%] Built target drivetrain
[ 94%] Built target can_control_generate_messages
[100%] [32m[1mLinking CXX executable /home/aclab/Desktop/ROS-VR/catkin_ws/devel/.private/can_control/lib/can_control/ctrl_manual[0m
[100%] Built target ctrl_manual
