[  0%] Built target std_msgs_generate_messages_py
[  0%] Built target std_msgs_generate_messages_nodejs
[  0%] Built target std_msgs_generate_messages_eus
[  0%] Built target rosgraph_msgs_generate_messages_eus
[  0%] Built target roscpp_generate_messages_eus
[  0%] Built target roscpp_generate_messages_nodejs
[  0%] Built target roscpp_generate_messages_cpp
[  0%] Built target rosgraph_msgs_generate_messages_cpp
[  0%] Built target _can_control_generate_messages_check_deps_EncoderEstimates
[  0%] Built target roscpp_generate_messages_py
[  0%] Built target rosgraph_msgs_generate_messages_lisp
[  0%] Built target std_msgs_generate_messages_lisp
[  0%] Built target rosgraph_msgs_generate_messages_nodejs
[  0%] Built target roscpp_generate_messages_lisp
[  0%] Built target _can_control_generate_messages_check_deps_MecanumControl
[  0%] Built target std_msgs_generate_messages_cpp
[  0%] Built target rosgraph_msgs_generate_messages_py
[ 50%] Built target can_control_generate_messages_nodejs
[ 50%] Built target can_control_generate_messages_lisp
[ 55%] Built target can_control_generate_messages_eus
[ 55%] Built target can_control_generate_messages_py
[ 66%] Built target can_control_generate_messages_cpp
[35m[1mScanning dependencies of target drivetrain[0m
[ 66%] Built target can_control_generate_messages
[ 77%] Built target ctrl_manual
[ 83%] [32mBuilding CXX object CMakeFiles/drivetrain.dir/src/drivetrain.cpp.o[0m
[ 88%] [32m[1mLinking CXX executable /home/aclab/Desktop/ROS-VR/catkin_ws/devel/.private/can_control/lib/can_control/drivetrain[0m
[100%] Built target drivetrain
