Not searching for unused variables given on the command line.
[36m--[0m Using CATKIN_DEVEL_PREFIX: /home/aclab/Desktop/ROS-VR/catkin_ws/devel/.private/can_control
[36m--[0m Using CMAKE_PREFIX_PATH: /home/aclab/Desktop/ROS-VR/catkin_ws/devel;/opt/ros/noetic
[36m--[0m This workspace overlays: /home/aclab/Desktop/ROS-VR/catkin_ws/devel;/opt/ros/noetic
[36m--[0m Found PythonInterp: /usr/bin/python3 (found suitable version "3.8.10", minimum required is "3")
[36m--[0m Using PYTHON_EXECUTABLE: /usr/bin/python3
[36m--[0m Using Debian Python package layout
[36m--[0m Using empy: /usr/lib/python3/dist-packages/em.py
[36m--[0m Using CATKIN_ENABLE_TESTING: ON
[36m--[0m Call enable_testing()
[36m--[0m Using CATKIN_TEST_RESULTS_DIR: /home/aclab/Desktop/ROS-VR/catkin_ws/build/can_control/test_results
[36m--[0m Forcing gtest/gmock from source, though one was otherwise available.
[36m--[0m Found gtest sources under '/usr/src/googletest': gtests will be built
[36m--[0m Found gmock sources under '/usr/src/googletest': gmock will be built
[36m--[0m Found PythonInterp: /usr/bin/python3 (found version "3.8.10")
[36m--[0m Using Python nosetests: /usr/bin/nosetests3
[36m--[0m catkin 0.8.10
[36m--[0m BUILD_SHARED_LIBS is on
[36m--[0m Could NOT find rosidl_default_runtime (missing: rosidl_default_runtime_DIR)
[36m--[0m Could not find the required component 'rosidl_default_runtime'. The following CMake error indicates that you either need to install the package with the same name or change your environment so that it can be found.
[36m--[0m Configuring incomplete, errors occurred!
See also "/home/aclab/Desktop/ROS-VR/catkin_ws/build/can_control/CMakeFiles/CMakeOutput.log".
See also "/home/aclab/Desktop/ROS-VR/catkin_ws/build/can_control/CMakeFiles/CMakeError.log".
[31m[1mCMake Error[0m at /opt/ros/noetic/share/catkin/cmake/catkinConfig.cmake:83 (find_package):
  Could not find a package configuration file provided by
  "rosidl_default_runtime" with any of the following names:

    rosidl_default_runtimeConfig.cmake
    rosidl_default_runtime-config.cmake

  Add the installation prefix of "rosidl_default_runtime" to
  CMAKE_PREFIX_PATH or set "rosidl_default_runtime_DIR" to a directory
  containing one of the above files.  If "rosidl_default_runtime" provides a
  separate development package or SDK, be sure it has been installed.
[36mCall Stack (most recent call first):[0m
  CMakeLists.txt:10 (find_package)


