[  0%] Built target std_msgs_generate_messages_eus
[  0%] Built target rosgraph_msgs_generate_messages_eus
[  0%] Built target std_msgs_generate_messages_nodejs
[  0%] Built target std_msgs_generate_messages_py
[  0%] Built target roscpp_generate_messages_nodejs
[  0%] Built target roscpp_generate_messages_cpp
[  0%] Built target rosgraph_msgs_generate_messages_cpp
[  0%] Built target roscpp_generate_messages_eus
[  0%] Built target _can_control_generate_messages_check_deps_MecanumControl
[  0%] Built target rosgraph_msgs_generate_messages_lisp
[  0%] Built target roscpp_generate_messages_py
[  0%] Built target roscpp_generate_messages_lisp
[  0%] Built target std_msgs_generate_messages_lisp
[  0%] Built target rosgraph_msgs_generate_messages_nodejs
[  0%] Built target _can_control_generate_messages_check_deps_EncoderEstimates
[  0%] Built target std_msgs_generate_messages_cpp
[  0%] Built target rosgraph_msgs_generate_messages_py
[ 13%] Built target can_control_generate_messages_py
[ 27%] Built target can_control_generate_messages_eus
[ 54%] Built target can_control_generate_messages_nodejs
[ 54%] Built target can_control_generate_messages_cpp
[ 54%] Built target can_control_generate_messages_lisp
[35m[1mScanning dependencies of target main[0m
[ 54%] Built target can_control_generate_messages
[ 59%] [32mBuilding CXX object CMakeFiles/main.dir/src/main.cpp.o[0m
[ 68%] Built target ctrl_manual
[ 86%] Built target drivetrain
[ 95%] Built target ctrl_auto
[100%] [32m[1mLinking CXX executable /home/aclab/Desktop/ROS-VR/catkin_ws/devel/.private/can_control/lib/can_control/main[0m
[100%] Built target main
