[  0%] Built target std_msgs_generate_messages_eus
[  0%] Built target geometry_msgs_generate_messages_eus
[  0%] Built target geometry_msgs_generate_messages_nodejs
[  0%] Built target geometry_msgs_generate_messages_cpp
[  0%] Built target std_msgs_generate_messages_cpp
[  0%] Built target geometry_msgs_generate_messages_py
[  0%] Built target std_msgs_generate_messages_lisp
[  0%] Built target geometry_msgs_generate_messages_lisp
[  0%] Built target std_msgs_generate_messages_nodejs
[  0%] Built target _unity_robotics_demo_msgs_generate_messages_check_deps_PosRot
[  0%] Built target std_msgs_generate_messages_py
[  0%] Built target _unity_robotics_demo_msgs_generate_messages_check_deps_PositionService
[  0%] Built target _unity_robotics_demo_msgs_generate_messages_check_deps_ObjectPoseService
[  0%] Built target _unity_robotics_demo_msgs_generate_messages_check_deps_UnityColor
[ 17%] Built target unity_robotics_demo_msgs_generate_messages_nodejs
[ 43%] Built target unity_robotics_demo_msgs_generate_messages_py
[ 60%] Built target unity_robotics_demo_msgs_generate_messages_lisp
[ 78%] Built target unity_robotics_demo_msgs_generate_messages_cpp
[100%] Built target unity_robotics_demo_msgs_generate_messages_eus
[100%] Built target unity_robotics_demo_msgs_generate_messages
