[  0%] Built target std_msgs_generate_messages_eus
[  0%] Built target std_msgs_generate_messages_cpp
[  0%] Built target geometry_msgs_generate_messages_eus
[  0%] Built target geometry_msgs_generate_messages_cpp
[  0%] Built target _unity_robotics_demo_msgs_generate_messages_check_deps_PosRot
[  0%] Built target geometry_msgs_generate_messages_nodejs
[  0%] Built target _unity_robotics_demo_msgs_generate_messages_check_deps_UnityColor
[  0%] Built target _unity_robotics_demo_msgs_generate_messages_check_deps_PositionService
[  0%] Built target _unity_robotics_demo_msgs_generate_messages_check_deps_ObjectPoseService
[  0%] Built target std_msgs_generate_messages_nodejs
[  0%] Built target std_msgs_generate_messages_py
[  0%] Built target geometry_msgs_generate_messages_py
[  0%] Built target std_msgs_generate_messages_lisp
[  0%] Built target geometry_msgs_generate_messages_lisp
[ 39%] Built target unity_robotics_demo_msgs_generate_messages_cpp
[ 39%] Built target unity_robotics_demo_msgs_generate_messages_eus
[ 56%] Built target unity_robotics_demo_msgs_generate_messages_nodejs
[ 82%] Built target unity_robotics_demo_msgs_generate_messages_py
[100%] Built target unity_robotics_demo_msgs_generate_messages_lisp
[100%] Built target unity_robotics_demo_msgs_generate_messages
