Linked: (/home/aclab/Desktop/ROS-VR/catkin_ws/devel/.private/unity_robotics_demo_msgs/share/gennodejs/ros/unity_robotics_demo_msgs/_index.js, /home/aclab/Desktop/ROS-VR/catkin_ws/devel/share/gennodejs/ros/unity_robotics_demo_msgs/_index.js)
Linked: (/home/aclab/Desktop/ROS-VR/catkin_ws/devel/.private/unity_robotics_demo_msgs/share/gennodejs/ros/unity_robotics_demo_msgs/msg/_index.js, /home/aclab/Desktop/ROS-VR/catkin_ws/devel/share/gennodejs/ros/unity_robotics_demo_msgs/msg/_index.js)
Linked: (/home/aclab/Desktop/ROS-VR/catkin_ws/devel/.private/unity_robotics_demo_msgs/share/gennodejs/ros/unity_robotics_demo_msgs/msg/PosRot.js, /home/aclab/Desktop/ROS-VR/catkin_ws/devel/share/gennodejs/ros/unity_robotics_demo_msgs/msg/PosRot.js)
Linked: (/home/aclab/Desktop/ROS-VR/catkin_ws/devel/.private/unity_robotics_demo_msgs/share/gennodejs/ros/unity_robotics_demo_msgs/msg/UnityColor.js, /home/aclab/Desktop/ROS-VR/catkin_ws/devel/share/gennodejs/ros/unity_robotics_demo_msgs/msg/UnityColor.js)
Linked: (/home/aclab/Desktop/ROS-VR/catkin_ws/devel/.private/unity_robotics_demo_msgs/share/gennodejs/ros/unity_robotics_demo_msgs/srv/_index.js, /home/aclab/Desktop/ROS-VR/catkin_ws/devel/share/gennodejs/ros/unity_robotics_demo_msgs/srv/_index.js)
Linked: (/home/aclab/Desktop/ROS-VR/catkin_ws/devel/.private/unity_robotics_demo_msgs/share/gennodejs/ros/unity_robotics_demo_msgs/srv/PositionService.js, /home/aclab/Desktop/ROS-VR/catkin_ws/devel/share/gennodejs/ros/unity_robotics_demo_msgs/srv/PositionService.js)
Linked: (/home/aclab/Desktop/ROS-VR/catkin_ws/devel/.private/unity_robotics_demo_msgs/share/gennodejs/ros/unity_robotics_demo_msgs/srv/ObjectPoseService.js, /home/aclab/Desktop/ROS-VR/catkin_ws/devel/share/gennodejs/ros/unity_robotics_demo_msgs/srv/ObjectPoseService.js)
Linked: (/home/aclab/Desktop/ROS-VR/catkin_ws/devel/.private/unity_robotics_demo_msgs/share/common-lisp/ros/unity_robotics_demo_msgs/msg/_package.lisp, /home/aclab/Desktop/ROS-VR/catkin_ws/devel/share/common-lisp/ros/unity_robotics_demo_msgs/msg/_package.lisp)
Linked: (/home/aclab/Desktop/ROS-VR/catkin_ws/devel/.private/unity_robotics_demo_msgs/share/common-lisp/ros/unity_robotics_demo_msgs/msg/_package_UnityColor.lisp, /home/aclab/Desktop/ROS-VR/catkin_ws/devel/share/common-lisp/ros/unity_robotics_demo_msgs/msg/_package_UnityColor.lisp)
Linked: (/home/aclab/Desktop/ROS-VR/catkin_ws/devel/.private/unity_robotics_demo_msgs/share/common-lisp/ros/unity_robotics_demo_msgs/msg/unity_robotics_demo_msgs-msg.asd, /home/aclab/Desktop/ROS-VR/catkin_ws/devel/share/common-lisp/ros/unity_robotics_demo_msgs/msg/unity_robotics_demo_msgs-msg.asd)
Linked: (/home/aclab/Desktop/ROS-VR/catkin_ws/devel/.private/unity_robotics_demo_msgs/share/common-lisp/ros/unity_robotics_demo_msgs/msg/UnityColor.lisp, /home/aclab/Desktop/ROS-VR/catkin_ws/devel/share/common-lisp/ros/unity_robotics_demo_msgs/msg/UnityColor.lisp)
Linked: (/home/aclab/Desktop/ROS-VR/catkin_ws/devel/.private/unity_robotics_demo_msgs/share/common-lisp/ros/unity_robotics_demo_msgs/msg/PosRot.lisp, /home/aclab/Desktop/ROS-VR/catkin_ws/devel/share/common-lisp/ros/unity_robotics_demo_msgs/msg/PosRot.lisp)
Linked: (/home/aclab/Desktop/ROS-VR/catkin_ws/devel/.private/unity_robotics_demo_msgs/share/common-lisp/ros/unity_robotics_demo_msgs/msg/_package_PosRot.lisp, /home/aclab/Desktop/ROS-VR/catkin_ws/devel/share/common-lisp/ros/unity_robotics_demo_msgs/msg/_package_PosRot.lisp)
Linked: (/home/aclab/Desktop/ROS-VR/catkin_ws/devel/.private/unity_robotics_demo_msgs/share/common-lisp/ros/unity_robotics_demo_msgs/srv/_package.lisp, /home/aclab/Desktop/ROS-VR/catkin_ws/devel/share/common-lisp/ros/unity_robotics_demo_msgs/srv/_package.lisp)
Linked: (/home/aclab/Desktop/ROS-VR/catkin_ws/devel/.private/unity_robotics_demo_msgs/share/common-lisp/ros/unity_robotics_demo_msgs/srv/_package_PositionService.lisp, /home/aclab/Desktop/ROS-VR/catkin_ws/devel/share/common-lisp/ros/unity_robotics_demo_msgs/srv/_package_PositionService.lisp)
Linked: (/home/aclab/Desktop/ROS-VR/catkin_ws/devel/.private/unity_robotics_demo_msgs/share/common-lisp/ros/unity_robotics_demo_msgs/srv/unity_robotics_demo_msgs-srv.asd, /home/aclab/Desktop/ROS-VR/catkin_ws/devel/share/common-lisp/ros/unity_robotics_demo_msgs/srv/unity_robotics_demo_msgs-srv.asd)
Linked: (/home/aclab/Desktop/ROS-VR/catkin_ws/devel/.private/unity_robotics_demo_msgs/share/common-lisp/ros/unity_robotics_demo_msgs/srv/_package_ObjectPoseService.lisp, /home/aclab/Desktop/ROS-VR/catkin_ws/devel/share/common-lisp/ros/unity_robotics_demo_msgs/srv/_package_ObjectPoseService.lisp)
Linked: (/home/aclab/Desktop/ROS-VR/catkin_ws/devel/.private/unity_robotics_demo_msgs/share/common-lisp/ros/unity_robotics_demo_msgs/srv/PositionService.lisp, /home/aclab/Desktop/ROS-VR/catkin_ws/devel/share/common-lisp/ros/unity_robotics_demo_msgs/srv/PositionService.lisp)
Linked: (/home/aclab/Desktop/ROS-VR/catkin_ws/devel/.private/unity_robotics_demo_msgs/share/common-lisp/ros/unity_robotics_demo_msgs/srv/ObjectPoseService.lisp, /home/aclab/Desktop/ROS-VR/catkin_ws/devel/share/common-lisp/ros/unity_robotics_demo_msgs/srv/ObjectPoseService.lisp)
Linked: (/home/aclab/Desktop/ROS-VR/catkin_ws/devel/.private/unity_robotics_demo_msgs/share/roseus/ros/unity_robotics_demo_msgs/manifest.l, /home/aclab/Desktop/ROS-VR/catkin_ws/devel/share/roseus/ros/unity_robotics_demo_msgs/manifest.l)
Linked: (/home/aclab/Desktop/ROS-VR/catkin_ws/devel/.private/unity_robotics_demo_msgs/share/roseus/ros/unity_robotics_demo_msgs/msg/UnityColor.l, /home/aclab/Desktop/ROS-VR/catkin_ws/devel/share/roseus/ros/unity_robotics_demo_msgs/msg/UnityColor.l)
Linked: (/home/aclab/Desktop/ROS-VR/catkin_ws/devel/.private/unity_robotics_demo_msgs/share/roseus/ros/unity_robotics_demo_msgs/msg/PosRot.l, /home/aclab/Desktop/ROS-VR/catkin_ws/devel/share/roseus/ros/unity_robotics_demo_msgs/msg/PosRot.l)
Linked: (/home/aclab/Desktop/ROS-VR/catkin_ws/devel/.private/unity_robotics_demo_msgs/share/roseus/ros/unity_robotics_demo_msgs/srv/PositionService.l, /home/aclab/Desktop/ROS-VR/catkin_ws/devel/share/roseus/ros/unity_robotics_demo_msgs/srv/PositionService.l)
Linked: (/home/aclab/Desktop/ROS-VR/catkin_ws/devel/.private/unity_robotics_demo_msgs/share/roseus/ros/unity_robotics_demo_msgs/srv/ObjectPoseService.l, /home/aclab/Desktop/ROS-VR/catkin_ws/devel/share/roseus/ros/unity_robotics_demo_msgs/srv/ObjectPoseService.l)
Linked: (/home/aclab/Desktop/ROS-VR/catkin_ws/devel/.private/unity_robotics_demo_msgs/share/unity_robotics_demo_msgs/cmake/unity_robotics_demo_msgs-msg-extras.cmake, /home/aclab/Desktop/ROS-VR/catkin_ws/devel/share/unity_robotics_demo_msgs/cmake/unity_robotics_demo_msgs-msg-extras.cmake)
Linked: (/home/aclab/Desktop/ROS-VR/catkin_ws/devel/.private/unity_robotics_demo_msgs/share/unity_robotics_demo_msgs/cmake/unity_robotics_demo_msgsConfig-version.cmake, /home/aclab/Desktop/ROS-VR/catkin_ws/devel/share/unity_robotics_demo_msgs/cmake/unity_robotics_demo_msgsConfig-version.cmake)
Linked: (/home/aclab/Desktop/ROS-VR/catkin_ws/devel/.private/unity_robotics_demo_msgs/share/unity_robotics_demo_msgs/cmake/unity_robotics_demo_msgsConfig.cmake, /home/aclab/Desktop/ROS-VR/catkin_ws/devel/share/unity_robotics_demo_msgs/cmake/unity_robotics_demo_msgsConfig.cmake)
Linked: (/home/aclab/Desktop/ROS-VR/catkin_ws/devel/.private/unity_robotics_demo_msgs/share/unity_robotics_demo_msgs/cmake/unity_robotics_demo_msgs-msg-paths.cmake, /home/aclab/Desktop/ROS-VR/catkin_ws/devel/share/unity_robotics_demo_msgs/cmake/unity_robotics_demo_msgs-msg-paths.cmake)
Linked: (/home/aclab/Desktop/ROS-VR/catkin_ws/devel/.private/unity_robotics_demo_msgs/include/unity_robotics_demo_msgs/ObjectPoseServiceRequest.h, /home/aclab/Desktop/ROS-VR/catkin_ws/devel/include/unity_robotics_demo_msgs/ObjectPoseServiceRequest.h)
Linked: (/home/aclab/Desktop/ROS-VR/catkin_ws/devel/.private/unity_robotics_demo_msgs/include/unity_robotics_demo_msgs/ObjectPoseServiceResponse.h, /home/aclab/Desktop/ROS-VR/catkin_ws/devel/include/unity_robotics_demo_msgs/ObjectPoseServiceResponse.h)
Linked: (/home/aclab/Desktop/ROS-VR/catkin_ws/devel/.private/unity_robotics_demo_msgs/include/unity_robotics_demo_msgs/PositionService.h, /home/aclab/Desktop/ROS-VR/catkin_ws/devel/include/unity_robotics_demo_msgs/PositionService.h)
Linked: (/home/aclab/Desktop/ROS-VR/catkin_ws/devel/.private/unity_robotics_demo_msgs/include/unity_robotics_demo_msgs/ObjectPoseService.h, /home/aclab/Desktop/ROS-VR/catkin_ws/devel/include/unity_robotics_demo_msgs/ObjectPoseService.h)
Linked: (/home/aclab/Desktop/ROS-VR/catkin_ws/devel/.private/unity_robotics_demo_msgs/include/unity_robotics_demo_msgs/UnityColor.h, /home/aclab/Desktop/ROS-VR/catkin_ws/devel/include/unity_robotics_demo_msgs/UnityColor.h)
Linked: (/home/aclab/Desktop/ROS-VR/catkin_ws/devel/.private/unity_robotics_demo_msgs/include/unity_robotics_demo_msgs/PositionServiceResponse.h, /home/aclab/Desktop/ROS-VR/catkin_ws/devel/include/unity_robotics_demo_msgs/PositionServiceResponse.h)
Linked: (/home/aclab/Desktop/ROS-VR/catkin_ws/devel/.private/unity_robotics_demo_msgs/include/unity_robotics_demo_msgs/PosRot.h, /home/aclab/Desktop/ROS-VR/catkin_ws/devel/include/unity_robotics_demo_msgs/PosRot.h)
Linked: (/home/aclab/Desktop/ROS-VR/catkin_ws/devel/.private/unity_robotics_demo_msgs/include/unity_robotics_demo_msgs/PositionServiceRequest.h, /home/aclab/Desktop/ROS-VR/catkin_ws/devel/include/unity_robotics_demo_msgs/PositionServiceRequest.h)
Linked: (/home/aclab/Desktop/ROS-VR/catkin_ws/devel/.private/unity_robotics_demo_msgs/lib/python3/dist-packages/unity_robotics_demo_msgs/__init__.py, /home/aclab/Desktop/ROS-VR/catkin_ws/devel/lib/python3/dist-packages/unity_robotics_demo_msgs/__init__.py)
Linked: (/home/aclab/Desktop/ROS-VR/catkin_ws/devel/.private/unity_robotics_demo_msgs/lib/python3/dist-packages/unity_robotics_demo_msgs/msg/_UnityColor.py, /home/aclab/Desktop/ROS-VR/catkin_ws/devel/lib/python3/dist-packages/unity_robotics_demo_msgs/msg/_UnityColor.py)
Linked: (/home/aclab/Desktop/ROS-VR/catkin_ws/devel/.private/unity_robotics_demo_msgs/lib/python3/dist-packages/unity_robotics_demo_msgs/msg/__init__.py, /home/aclab/Desktop/ROS-VR/catkin_ws/devel/lib/python3/dist-packages/unity_robotics_demo_msgs/msg/__init__.py)
Linked: (/home/aclab/Desktop/ROS-VR/catkin_ws/devel/.private/unity_robotics_demo_msgs/lib/python3/dist-packages/unity_robotics_demo_msgs/msg/_PosRot.py, /home/aclab/Desktop/ROS-VR/catkin_ws/devel/lib/python3/dist-packages/unity_robotics_demo_msgs/msg/_PosRot.py)
Linked: (/home/aclab/Desktop/ROS-VR/catkin_ws/devel/.private/unity_robotics_demo_msgs/lib/python3/dist-packages/unity_robotics_demo_msgs/srv/_ObjectPoseService.py, /home/aclab/Desktop/ROS-VR/catkin_ws/devel/lib/python3/dist-packages/unity_robotics_demo_msgs/srv/_ObjectPoseService.py)
Linked: (/home/aclab/Desktop/ROS-VR/catkin_ws/devel/.private/unity_robotics_demo_msgs/lib/python3/dist-packages/unity_robotics_demo_msgs/srv/_PositionService.py, /home/aclab/Desktop/ROS-VR/catkin_ws/devel/lib/python3/dist-packages/unity_robotics_demo_msgs/srv/_PositionService.py)
Linked: (/home/aclab/Desktop/ROS-VR/catkin_ws/devel/.private/unity_robotics_demo_msgs/lib/python3/dist-packages/unity_robotics_demo_msgs/srv/__init__.py, /home/aclab/Desktop/ROS-VR/catkin_ws/devel/lib/python3/dist-packages/unity_robotics_demo_msgs/srv/__init__.py)
Linked: (/home/aclab/Desktop/ROS-VR/catkin_ws/devel/.private/unity_robotics_demo_msgs/lib/pkgconfig/unity_robotics_demo_msgs.pc, /home/aclab/Desktop/ROS-VR/catkin_ws/devel/lib/pkgconfig/unity_robotics_demo_msgs.pc)
