[35m[1mScanning dependencies of target geometry_msgs_generate_messages_eus[0m
[35m[1mScanning dependencies of target std_msgs_generate_messages_eus[0m
[35m[1mScanning dependencies of target _unity_robotics_demo_msgs_generate_messages_check_deps_PositionService[0m
[35m[1mScanning dependencies of target std_msgs_generate_messages_cpp[0m
[35m[1mScanning dependencies of target _unity_robotics_demo_msgs_generate_messages_check_deps_UnityColor[0m
[35m[1mScanning dependencies of target _unity_robotics_demo_msgs_generate_messages_check_deps_ObjectPoseService[0m
[35m[1mScanning dependencies of target _unity_robotics_demo_msgs_generate_messages_check_deps_PosRot[0m
[35m[1mScanning dependencies of target geometry_msgs_generate_messages_cpp[0m
[35m[1mScanning dependencies of target std_msgs_generate_messages_py[0m
[35m[1mScanning dependencies of target std_msgs_generate_messages_nodejs[0m
[35m[1mScanning dependencies of target geometry_msgs_generate_messages_nodejs[0m
[35m[1mScanning dependencies of target geometry_msgs_generate_messages_py[0m
[  0%] Built target std_msgs_generate_messages_eus
[  0%] Built target geometry_msgs_generate_messages_cpp
[  0%] Built target geometry_msgs_generate_messages_nodejs
[  0%] Built target std_msgs_generate_messages_nodejs
[  0%] Built target std_msgs_generate_messages_cpp
[  0%] Built target std_msgs_generate_messages_py
[  0%] Built target geometry_msgs_generate_messages_py
[  0%] Built target geometry_msgs_generate_messages_eus
[35m[1mScanning dependencies of target geometry_msgs_generate_messages_lisp[0m
[35m[1mScanning dependencies of target std_msgs_generate_messages_lisp[0m
[  0%] Built target geometry_msgs_generate_messages_lisp
[  0%] Built target std_msgs_generate_messages_lisp
[  0%] Built target _unity_robotics_demo_msgs_generate_messages_check_deps_PositionService
[  0%] Built target _unity_robotics_demo_msgs_generate_messages_check_deps_ObjectPoseService
[  0%] Built target _unity_robotics_demo_msgs_generate_messages_check_deps_PosRot
[  0%] Built target _unity_robotics_demo_msgs_generate_messages_check_deps_UnityColor
[35m[1mScanning dependencies of target unity_robotics_demo_msgs_generate_messages_cpp[0m
[35m[1mScanning dependencies of target unity_robotics_demo_msgs_generate_messages_nodejs[0m
[35m[1mScanning dependencies of target unity_robotics_demo_msgs_generate_messages_py[0m
[35m[1mScanning dependencies of target unity_robotics_demo_msgs_generate_messages_eus[0m
[35m[1mScanning dependencies of target unity_robotics_demo_msgs_generate_messages_lisp[0m
[  4%] [34m[1mGenerating C++ code from unity_robotics_demo_msgs/PosRot.msg[0m
[  8%] [34m[1mGenerating C++ code from unity_robotics_demo_msgs/UnityColor.msg[0m
[ 13%] [34m[1mGenerating Javascript code from unity_robotics_demo_msgs/PosRot.msg[0m
[ 17%] [34m[1mGenerating Javascript code from unity_robotics_demo_msgs/UnityColor.msg[0m
[ 21%] [34m[1mGenerating Javascript code from unity_robotics_demo_msgs/ObjectPoseService.srv[0m
[ 26%] [34m[1mGenerating Python code from SRV unity_robotics_demo_msgs/ObjectPoseService[0m
[ 30%] [34m[1mGenerating EusLisp code from unity_robotics_demo_msgs/PosRot.msg[0m
[ 34%] [34m[1mGenerating Python from MSG unity_robotics_demo_msgs/UnityColor[0m
[ 39%] [34m[1mGenerating EusLisp code from unity_robotics_demo_msgs/UnityColor.msg[0m
[ 43%] [34m[1mGenerating Python from MSG unity_robotics_demo_msgs/PosRot[0m
[ 47%] [34m[1mGenerating Lisp code from unity_robotics_demo_msgs/PosRot.msg[0m
[ 52%] [34m[1mGenerating C++ code from unity_robotics_demo_msgs/ObjectPoseService.srv[0m
[ 56%] [34m[1mGenerating Lisp code from unity_robotics_demo_msgs/UnityColor.msg[0m
[ 60%] [34m[1mGenerating Python code from SRV unity_robotics_demo_msgs/PositionService[0m
[ 65%] [34m[1mGenerating Javascript code from unity_robotics_demo_msgs/PositionService.srv[0m
[ 69%] [34m[1mGenerating C++ code from unity_robotics_demo_msgs/PositionService.srv[0m
[ 73%] [34m[1mGenerating Lisp code from unity_robotics_demo_msgs/ObjectPoseService.srv[0m
[ 78%] [34m[1mGenerating Lisp code from unity_robotics_demo_msgs/PositionService.srv[0m
[ 82%] [34m[1mGenerating EusLisp code from unity_robotics_demo_msgs/ObjectPoseService.srv[0m
[ 86%] [34m[1mGenerating EusLisp code from unity_robotics_demo_msgs/PositionService.srv[0m
[ 91%] [34m[1mGenerating EusLisp manifest code for unity_robotics_demo_msgs[0m
[ 91%] Built target unity_robotics_demo_msgs_generate_messages_nodejs
[ 91%] Built target unity_robotics_demo_msgs_generate_messages_lisp
[ 95%] [34m[1mGenerating Python srv __init__.py for unity_robotics_demo_msgs[0m
[100%] [34m[1mGenerating Python msg __init__.py for unity_robotics_demo_msgs[0m
[100%] Built target unity_robotics_demo_msgs_generate_messages_cpp
[100%] Built target unity_robotics_demo_msgs_generate_messages_py
[100%] Built target unity_robotics_demo_msgs_generate_messages_eus
[35m[1mScanning dependencies of target unity_robotics_demo_msgs_generate_messages[0m
[100%] Built target unity_robotics_demo_msgs_generate_messages
